Build started 2/23/2016 12:09:50 PM.
     1>Project "E:\C++\cbhw7.3\cbhw7.3\cbhw7.3.vcxproj" on node 2 (build target(s)).
     1>InitializeBuildStatus:
         Creating "Debug\cbhw7.3.unsuccessfulbuild" because "AlwaysCreate" was specified.
       ClCompile:
         C:\Program Files (x86)\Microsoft Visual Studio 10.0\VC\bin\CL.exe /c /ZI /nologo /W3 /WX- /Od /Oy- /D _MBCS /Gm /EHsc /RTC1 /MDd /GS /fp:precise /Zc:wchar_t /Zc:forScope /Fo"Debug\\" /Fd"Debug\vc100.pdb" /Gd /TP /analyze- /errorReport:prompt cbhw7.cpp
         cbhw7.cpp
     1>e:\c++\cbhw7.3\cbhw7.3\cbhw7.cpp(40): warning C4390: ';' : empty controlled statement found; is this the intent?
     1>e:\c++\cbhw7.3\cbhw7.3\cbhw7.cpp(48): error C2181: illegal else without matching if
     1>e:\c++\cbhw7.3\cbhw7.3\cbhw7.cpp(49): error C2059: syntax error : '{'
     1>e:\c++\cbhw7.3\cbhw7.3\cbhw7.cpp(49): error C2143: syntax error : missing ';' before '{'
     1>Done Building Project "E:\C++\cbhw7.3\cbhw7.3\cbhw7.3.vcxproj" (build target(s)) -- FAILED.

Build FAILED.

Time Elapsed 00:00:01.88
